"../../../../../Unreal/Projects/ALMP_Template/Content/ALMP/Characters/ThirdPerson/Character/Mesh/UE4_Mannequin_Skeleton.uasset" 0
"../../../../../Unreal/Projects/ALMP_Template/Content/ALMP/Characters/ThirdPerson/Animations/ThirdPersonJump_End.uasset" 1
"../../../../../Unreal/Projects/ALMP_Template/Content/ALMP/Core/PickupActorInterface.uasset" 2
"../../../../../Unreal/Projects/ALMP_Template/Content/Map/Geometry/Meshes/CubeMaterial.uasset" 3
"../../../../../Unreal/Projects/ALMP_Template/Content/Map/Geometry/Meshes/1M_Cube.uasset" 4
"../../../Engine/Content/Animation/DefaultAnimCurveCompressionSettings.uasset" 5
"../../../Engine/Content/Functions/Engine_MaterialFunctions01/Opacity/CameraDepthFade.uasset" 6
"../../../Engine/Content/EngineMaterials/T_Default_Material_Grid_M.uasset" 7
"../../../Engine/Content/EngineMaterials/T_Default_Material_Grid_N.uasset" 8
"../../../Engine/Content/EngineMaterials/WorldGridMaterial.uasset" 9
"../../../Engine/Content/ArtTools/RenderToTexture/Meshes/S_1_Unit_Plane.uasset" 10
"../../../Engine/Content/EngineMaterials/DefaultMaterial.uasset" 11
"../../../Engine/Content/BasicShapes/Cone.uasset" 12
"../../../Engine/Content/BasicShapes/Cube.uasset" 13
"../../../Engine/Content/BasicShapes/Plane.uasset" 14
"../../../Engine/Content/EditorLandscapeResources/DataLayer.uasset" 15
"../../../Engine/Content/EditorMaterials/GizmoMaterial.uasset" 16
"../../../Engine/Content/EditorMaterials/MAT_Groups_Toggle.uasset" 17
"../../../Engine/Content/EditorMaterials/MAT_Groups_Visibility.uasset" 18
"../../../Engine/Content/EditorMaterials/PreviewShadowIndicator.uasset" 19
"../../../Engine/Content/EditorMaterials/PreviewShadowIndicatorMaterial.uasset" 20
"../../../Engine/Content/EditorMaterials/MatineeGroups/MAT_ColorTrack.uasset" 21
"../../../Engine/Content/EditorMaterials/MatineeGroups/MAT_Groups_Anim.uasset" 22
"../../../Engine/Content/EditorMaterials/MatineeGroups/MAT_Groups_AudioMaster.uasset" 23
"../../../Engine/Content/EditorMaterials/MatineeGroups/MAT_Groups_Director.uasset" 24
"../../../Engine/Content/EditorMaterials/MatineeGroups/MAT_Groups_Event.uasset" 25
"../../../Engine/Content/EditorMaterials/MatineeGroups/MAT_Groups_Fade.uasset" 26
"../../../Engine/Content/EditorMaterials/MatineeGroups/MAT_Groups_Float.uasset" 27
"../../../Engine/Content/EditorMaterials/MatineeGroups/MAT_Groups_Move.uasset" 28
"../../../Engine/Content/EditorMaterials/MatineeGroups/MAT_Groups_Slomo.uasset" 29
"../../../Engine/Content/EditorMaterials/MatineeGroups/MAT_Groups_Sound.uasset" 30
"../../../Engine/Content/EditorMaterials/MatineeGroups/MAT_Groups_Vector.uasset" 31
"../../../Engine/Content/EditorMaterials/ParticleSystems/PSysThumbnail_NoImage.uasset" 32
"../../../Engine/Content/EditorMaterials/ParticleSystems/PSysThumbnail_OOD.uasset" 33
"../../../Engine/Content/EditorMaterials/Camera/CineMat.uasset" 34
"../../../Engine/Content/EditorMaterials/Camera/MI_CineMat_Rig.uasset" 35
"../../../Engine/Content/EditorMeshes/Camera/SM_CraneRig_Arm.uasset" 36
"../../../Engine/Content/EditorMeshes/Camera/SM_CraneRig_Base.uasset" 37
"../../../Engine/Content/EditorMeshes/Camera/SM_CraneRig_Body.uasset" 38
"../../../Engine/Content/EditorMeshes/Camera/SM_CraneRig_Mount.uasset" 39
"../../../Engine/Content/EditorMeshes/Camera/SM_RailRig_Mount.uasset" 40
"../../../Engine/Content/EditorMeshes/Camera/SM_RailRig_Track.uasset" 41
"../../../Engine/Content/EditorResources/BSPVertex.uasset" 42
"../../../Engine/Content/EditorResources/EmptyActor.uasset" 43
"../../../Engine/Content/EditorResources/S_Actor.uasset" 44
"../../../Engine/Content/EditorResources/S_Note.uasset" 45
"../../../Engine/Content/EditorResources/S_Trigger.uasset" 46
"../../../Engine/Content/EditorResources/LightIcons/S_LightError.uasset" 47
"../../../Engine/Content/EditorResources/SequenceRecorder/Countdown.uasset" 48
"../../../Engine/Content/EditorResources/SequenceRecorder/RecordingIndicator.uasset" 49
"../../../Engine/Content/EditorSounds/Notifications/CompileFailed.uasset" 50
"../../../Engine/Content/EditorSounds/Notifications/CompileFailed_Cue.uasset" 51
"../../../Engine/Content/EditorSounds/Notifications/CompileSuccess.uasset" 52
"../../../Engine/Content/EditorSounds/Notifications/CompileStart_Cue.uasset" 53
"../../../Engine/Content/EditorSounds/Notifications/CompileSuccess_Cue.uasset" 54
"../../../Engine/Content/EngineDamageTypes/DmgTypeBP_Environmental.uasset" 55
"../../../Engine/Content/EngineDebugMaterials/HeatmapGradient.uasset" 56
"../../../Engine/Content/EngineDebugMaterials/BoneWeightMaterial.uasset" 57
"../../../Engine/Content/EngineDebugMaterials/ClothMaterial.uasset" 58
"../../../Engine/Content/EngineDebugMaterials/ClothMaterial_WF.uasset" 59
"../../../Engine/Content/EngineDebugMaterials/DebugEditorMaterial.uasset" 60
"../../../Engine/Content/EngineDebugMaterials/DebugMeshMaterial.uasset" 61
"../../../Engine/Content/EngineDebugMaterials/GeomMaterial.uasset" 62
"../../../Engine/Content/EngineDebugMaterials/M_SimpleTranslucent.uasset" 63
"../../../Engine/Content/EngineFonts/Faces/RobotoBold.uasset" 64
"../../../Engine/Content/EngineFonts/Faces/RobotoBoldItalic.uasset" 65
"../../../Engine/Content/EngineFonts/Faces/RobotoItalic.uasset" 66
"../../../Engine/Content/EngineFonts/Faces/RobotoLight.uasset" 67
"../../../Engine/Content/EngineFonts/Faces/RobotoRegular.uasset" 68
"../../../Engine/Content/EngineFonts/Roboto.uasset" 69
"../../../Engine/Content/EngineFonts/Faces/RobotoTiny.uasset" 70
"../../../Engine/Content/EngineFonts/RobotoTiny.uasset" 71
"../../../Engine/Content/EngineMaterials/BaseFlattenDiffuseMap.uasset" 72
"../../../Engine/Content/EngineMaterials/BaseFlattenEmissiveMap.uasset" 73
"../../../Engine/Content/EngineMaterials/BaseFlattenGrayscaleMap.uasset" 74
"../../../Engine/Content/EngineMaterials/BaseFlattenNormalMap.uasset" 75
"../../../Engine/Content/EngineMaterials/BaseFlattenMaterial.uasset" 76
"../../../Engine/Content/EngineMaterials/DefaultBloomKernel.uasset" 77
"../../../Engine/Content/EngineMaterials/DefaultBokeh.uasset" 78
"../../../Engine/Content/EngineMaterials/DefaultDiffuse.uasset" 79
"../../../Engine/Content/EngineMaterials/DefaultDeferredDecalMaterial.uasset" 80
"../../../Engine/Content/EngineMaterials/DefaultLightFunctionMaterial.uasset" 81
"../../../Engine/Content/EngineMaterials/DefaultPhysicalMaterial.uasset" 82
"../../../Engine/Content/Functions/Engine_MaterialFunctions02/Utility/BreakOutFloat2Components.uasset" 83
"../../../Engine/Content/EngineMaterials/DefaultPostProcessMaterial.uasset" 84
"../../../Engine/Content/EngineFonts/RobotoDistanceField.uasset" 85
"../../../Engine/Content/EngineMaterials/DefaultTextMaterialOpaque.uasset" 86
"../../../Engine/Content/EngineMaterials/DefaultWhiteGrid.uasset" 87
"../../../Engine/Content/EngineMaterials/EditorBrushMaterial.uasset" 88
"../../../Engine/Content/EngineMaterials/MiniFont.uasset" 89
"../../../Engine/Content/EngineMaterials/InvalidLightmapSettings.uasset" 90
"../../../Engine/Content/EngineMaterials/M_InvalidLightmapSettings.uasset" 91
"../../../Engine/Content/Functions/Engine_MaterialFunctions02/WorldPositionOffset/CameraOffset.uasset" 92
"../../../Engine/Content/EngineMaterials/PhAT_JointLimitMaterial.uasset" 93
"../../../Engine/Content/EngineMaterials/PreintegratedSkinBRDF.uasset" 94
"../../../Engine/Content/EngineMaterials/RemoveSurfaceMaterial.uasset" 95
"../../../Engine/Content/EngineMaterials/WeightMapPlaceholderTexture.uasset" 96
"../../../Engine/Content/EngineResources/WhiteSquareTexture.uasset" 97
"../../../Engine/Content/EngineMaterials/Widget3DPassThrough.uasset" 98
"../../../Engine/Content/EngineMaterials/Widget3DPassThrough_Masked.uasset" 99
"../../../Engine/Content/EngineMaterials/Widget3DPassThrough_Opaque.uasset" 100
"../../../Engine/Content/EngineMaterials/Widget3DPassThrough_Masked_OneSided.uasset" 101
"../../../Engine/Content/EngineMaterials/Widget3DPassThrough_Opaque_OneSided.uasset" 102
"../../../Engine/Content/EngineMaterials/Widget3DPassThrough_Translucent.uasset" 103
"../../../Engine/Content/EngineMaterials/Widget3DPassThrough_Translucent_OneSided.uasset" 104
"../../../Engine/Content/EngineMeshes/Cube.uasset" 105
"../../../Engine/Content/EngineMeshes/Cylinder.uasset" 106
"../../../Engine/Content/EngineMeshes/Sphere.uasset" 107
"../../../Engine/Content/EngineResources/Black.uasset" 108
"../../../Engine/Content/EngineResources/DefaultTexture.uasset" 109
"../../../Engine/Content/EngineResources/DefaultTextureCube.uasset" 110
"../../../Engine/Content/EngineResources/DefaultVolumeTexture2D.uasset" 111
"../../../Engine/Content/EngineResources/DefaultVolumeTexture.uasset" 112
"../../../Engine/Content/EngineResources/GradientTexture0.uasset" 113
"../../../Engine/Content/EngineSounds/Master.uasset" 114
"../../../Engine/Content/Functions/Engine_MaterialFunctions01/Shading/ConvertFromDiffSpec.uasset" 115
"../../../Engine/Content/Functions/Engine_MaterialFunctions01/Shading/PowerToRoughness.uasset" 116
"../../../Engine/Content/Maps/Templates/Thumbnails/Default.uasset" 117
"../../../Engine/Content/Maps/Templates/Thumbnails/VR-Basic.uasset" 118
"../../../Engine/Content/MobileResources/T_MobileControls_texture.uasset" 119
"../../../Engine/Content/MobileResources/T_MobileMenu2.uasset" 120
"../../../Engine/Content/MobileResources/HUD/AnalogHat.uasset" 121
"../../../Engine/Content/MobileResources/HUD/VirtualJoystick_Background.uasset" 122
"../../../Engine/Content/MobileResources/HUD/VirtualJoystick_Thumb.uasset" 123
"../../../Engine/Content/MobileResources/HUD/DefaultVirtualJoysticks.uasset" 124
"../../../Engine/Content/MobileResources/HUD/LeftVirtualJoystickOnly.uasset" 125
"../../../Engine/Content/MobileResources/HUD/MobileHUDButton1_off.uasset" 126
"../../../Engine/Content/MobileResources/HUD/MobileHUDButton1_on.uasset" 127
"../../../Engine/Content/MobileResources/HUD/MobileHUDButton2_off.uasset" 128
"../../../Engine/Content/MobileResources/HUD/MobileHUDButton2_on.uasset" 129
"../../../Engine/Content/MobileResources/HUD/MobileHUDButton3.uasset" 130
"../../../Engine/Content/MobileResources/HUD/MobileHUDButtonFire.uasset" 131
"../../../Engine/Content/MobileResources/HUD/MobileHUDDirectionPad.uasset" 132
"../../../Engine/Content/MobileResources/HUD/MobileHUDDirectionPad2.uasset" 133
"../../../Engine/Content/MobileResources/HUD/MobileHUDDirectionPad3.uasset" 134
"../../../Engine/Content/MobileResources/HUD/MobileHUDDirectionStick.uasset" 135
"../../../Engine/Content/MobileResources/HUD/T_Castle_ThumbstickInner.uasset" 136
"../../../Engine/Content/MobileResources/HUD/T_Castle_ThumbstickOutter.uasset" 137
"../../../Engine/Content/Tutorial/ContentIntroCurve.uasset" 138
"../../../Engine/Content/Tutorial/Basics/LevelEditorAttract.uasset" 139
"../../../Engine/Content/Tutorial/Basics/TutorialAssets/icon_tab_Levels_40x.uasset" 140
"../../../Engine/Content/Tutorial/Basics/LevelEditorOverview.uasset" 141
"../../../Engine/Content/Tutorial/BlueprintTutorials/TutorialAssets/Blueprint_64x.uasset" 142
"../../../Engine/Content/Tutorial/BlueprintTutorials/BlueprintEditorTutorial.uasset" 143
"../../../Engine/Content/Tutorial/Foliage/TutorialAssets/Foliage.uasset" 144
"../../../Engine/Content/Tutorial/Foliage/Foliage_Intro_Tutorial.uasset" 145
"../../../Engine/Content/Tutorial/Foliage/Foliage_Settings_Tutorial.uasset" 146
"../../../Engine/Content/Tutorial/Foliage/Foliage_Using_The_Tool_Tutorial.uasset" 147
"../../../Engine/Content/Tutorial/Landscape/TutorialAssets/Landscape.uasset" 148
"../../../Engine/Content/Tutorial/Landscape/LandscapeWalkThrough.uasset" 149
"../../../Engine/Content/Tutorial/Landscape/Landscape_Manage_Mode.uasset" 150
"../../../Engine/Content/EditorBlueprintResources/StandardMacros.uasset" 151
"../../../Engine/Content/Tutorial/Landscape/Landscape_Painting_Mode.uasset" 152
"../../../Engine/Content/Tutorial/Landscape/Landscape_Sculpt_Mode.uasset" 153
"../../../Engine/Content/Tutorial/SubEditors/MaterialEditorTutorial.uasset" 154
"../../../Engine/Content/Tutorial/SubEditors/ParticleSystemEditorTutorial.uasset" 155
"../../../Engine/Content/Tutorial/SubEditors/StaticMeshEditorTutorial.uasset" 156
"../../../Engine/Content/Tutorial/SubEditors/TutorialAssets/TutorialMaterial.uasset" 157
"../../../Engine/Content/Tutorial/SubEditors/TutorialAssets/T_SmokeSubUV_8X8.uasset" 158
"../../../Engine/Content/Tutorial/SubEditors/TutorialAssets/T_soft_smoke.uasset" 159
"../../../Engine/Content/Tutorial/SubEditors/TutorialAssets/M_smoke_subUV_blackbody.uasset" 160
"../../../Engine/Content/Tutorial/SubEditors/TutorialAssets/TutorialParticleSystem.uasset" 161
"../../../Engine/Content/VREditor/LaserPointer/VR_LaserPower_01.uasset" 162
"../../../Engine/Content/VREditor/TransformGizmo/TransformGizmoMaterial.uasset" 163
"../../../Engine/Content/VREditor/TransformGizmo/TranslucentTransformGizmoMaterial.uasset" 164
"../../../Engine/Content/VREditor/TransformGizmo/BoundingBoxCorner.uasset" 165
"../../../Engine/Content/VREditor/TransformGizmo/BoundingBoxEdge.uasset" 166
"../../../Engine/Content/VREditor/TransformGizmo/PlaneTranslationHandle.uasset" 167
"../../../Engine/Content/VREditor/TransformGizmo/Main.uasset" 168
"../../../Engine/Content/VREditor/TransformGizmo/Xray.uasset" 169
"../../../Engine/Content/VREditor/TransformGizmo/SM_Sequencer_Key.uasset" 170
"../../../Engine/Content/VREditor/TransformGizmo/SM_Sequencer_Node.uasset" 171
"../../Plugins/2D/Paper2D/Content/PlaceholderTextures/DummySpriteTexture.uasset" 172
"../../Plugins/2D/Paper2D/Content/DummySprite.uasset" 173
"../../Plugins/2D/Paper2D/Content/DefaultPaperTerrainMaterial.uasset" 174
"../../Plugins/2D/Paper2D/Content/DummySpriteTexture.uasset" 175
"../../Plugins/2D/Paper2D/Content/DefaultSpriteMaterial.uasset" 176
"../../Plugins/2D/Paper2D/Content/MaskedUnlitSpriteMaterial.uasset" 177
"../../Plugins/2D/Paper2D/Content/OpaqueUnlitSpriteMaterial.uasset" 178
"../../Plugins/Runtime/HoudiniEngine/Content/houdini_bgeo_import.uasset" 179
"../../Plugins/Runtime/HoudiniEngine/Content/houdini_default_material.uasset" 180
"../../Plugins/Runtime/HoudiniEngine/Content/houdini_logo.uasset" 181
"../../Plugins/Runtime/Oculus/OculusVR/Content/OculusMR_RenderTarget.uasset" 182
"../../../Engine/Content/Functions/Engine_MaterialFunctions02/Utility/BreakOutFloat4Components.uasset" 183
"../../../Engine/Content/Functions/Engine_MaterialFunctions02/Utility/MakeFloat2.uasset" 184
"../../../Engine/Content/Functions/Engine_MaterialFunctions02/Utility/MakeFloat3.uasset" 185
"../../Plugins/Runtime/Oculus/OculusVR/Content/Materials/OculusMR_ChromaKey.uasset" 186
"../../Plugins/Runtime/Oculus/OculusVR/Content/Materials/OculusMR_ChromaKey_Lit.uasset" 187
"../../Plugins/Runtime/Oculus/OculusVR/Content/Materials/OculusMR_OpaqueColoredMaterial.uasset" 188
"../../Plugins/Runtime/Oculus/OculusVR/Content/Materials/OculusMR_WhiteMaterial.uasset" 189
"../../Plugins/Runtime/Oculus/OculusVR/Content/Materials/PokeAHoleMaterial.uasset" 190
"../../Plugins/Runtime/Oculus/OculusVR/Content/Textures/GearVRController_AO.uasset" 191
"../../Plugins/Runtime/Oculus/OculusVR/Content/Textures/GearVRController_Color.uasset" 192
"../../Plugins/Runtime/Oculus/OculusVR/Content/Textures/GearVRController_Normal.uasset" 193
"../../Plugins/Runtime/Oculus/OculusVR/Content/Materials/GearVRControllerMaterial.uasset" 194
"../../Plugins/Runtime/Oculus/OculusVR/Content/Meshes/GearVrController.uasset" 195
"../../Plugins/Runtime/Oculus/OculusVR/Content/Textures/touchController_albedo.uasset" 196
"../../Plugins/Runtime/Oculus/OculusVR/Content/Textures/touchController_controlmap.uasset" 197
"../../Plugins/Runtime/Oculus/OculusVR/Content/Materials/touchController_mat.uasset" 198
"../../Plugins/Runtime/Oculus/OculusVR/Content/Meshes/LeftTouchController.uasset" 199
"../../Plugins/Runtime/Oculus/OculusVR/Content/Meshes/RiftHMD.uasset" 200
"../../Plugins/Runtime/Oculus/OculusVR/Content/Meshes/RightTouchController.uasset" 201
"../../../Engine/Content/EngineSky/C_Sky_Cloud_Color.uasset" 202
"../../../Engine/Content/EngineSky/C_Sky_Horizon_Color.uasset" 203
"../../../Engine/Content/EngineSky/C_Sky_Zenith_Color.uasset" 204
"../../../Engine/Content/EngineSky/T_Sky_Blue.uasset" 205
"../../../Engine/Content/EngineSky/T_Sky_Clouds_M.uasset" 206
"../../../Engine/Content/EngineSky/T_Sky_Stars.uasset" 207
"../../../Engine/Content/EngineSky/M_Sky_Panning_Clouds2.uasset" 208
"../../../Engine/Content/EngineSky/SM_SkySphere.uasset" 209
"../../../Engine/Content/EngineSky/BP_Sky_Sphere.uasset" 210
"../../../../../Unreal/Projects/ALMP_Template/Content/ALMP/Characters/ThirdPerson/Animations/ThirdPerson_Jump.uasset" 211
"../../../../../Unreal/Projects/ALMP_Template/Content/ALMP/Characters/ThirdPerson/Animations/ThirdPersonJump_Loop.uasset" 212
"../../../../../Unreal/Projects/ALMP_Template/Content/ALMP/Characters/ThirdPerson/Animations/ThirdPersonJump_Start.uasset" 213
"../../../../../Unreal/Projects/ALMP_Template/Content/ALMP/Characters/ThirdPerson/Animations/ThirdPersonIdle.uasset" 214
"../../../../../Unreal/Projects/ALMP_Template/Content/ALMP/Characters/ThirdPerson/Animations/ThirdPersonRun.uasset" 215
"../../../../../Unreal/Projects/ALMP_Template/Content/ALMP/Characters/ThirdPerson/Animations/ThirdPersonWalk.uasset" 216
"../../../../../Unreal/Projects/ALMP_Template/Content/ALMP/Characters/ThirdPerson/Animations/ThirdPerson_IdleRun_2D.uasset" 217
"../../../../../Unreal/Projects/ALMP_Template/Content/ALMP/Characters/ThirdPerson/Animations/ThirdPerson_AnimBP.uasset" 218
"../../../../../Unreal/Projects/ALMP_Template/Content/ALMP/Characters/VR/VirtualReality/Mannequin/Character/Mesh/MannequinHand_Right_Skeleton.uasset" 219
"../../../../../Unreal/Projects/ALMP_Template/Content/ALMP/Characters/VR/VirtualReality/Mannequin/Animations/MannequinHand_Right_CanGrab.uasset" 220
"../../../../../Unreal/Projects/ALMP_Template/Content/ALMP/Characters/VR/VirtualReality/Mannequin/Animations/MannequinHand_Right_Grab.uasset" 221
"../../../../../Unreal/Projects/ALMP_Template/Content/ALMP/Characters/VR/VirtualReality/Mannequin/Animations/MannequinHand_Right_Open.uasset" 222
"../../../../../Unreal/Projects/ALMP_Template/Content/ALMP/Characters/VR/VirtualReality/Mannequin/Animations/RightGrip_BS.uasset" 223
"../../../../../Unreal/Projects/ALMP_Template/Content/ALMP/Characters/VR/VirtualReality/Mannequin/Animations/RightHand_AnimBP.uasset" 224
"../../../../../Unreal/Projects/ALMP_Template/Content/ALMP/Characters/VR/PickupActorInterface1.uasset" 225
"../../../../../Unreal/Projects/ALMP_Template/Content/ALMP/Characters/VR/MotionControllerHaptics.uasset" 226
"../../../Engine/Content/Functions/Engine_MaterialFunctions01/Texturing/ScaleUVsByCenter.uasset" 227
"../../../Engine/Content/Functions/Engine_MaterialFunctions02/ScreenResolution.uasset" 228
"../../../Engine/Content/Functions/Engine_MaterialFunctions02/Texturing/ScreenAlignedUVs.uasset" 229
"../../../Engine/Content/Functions/Engine_MaterialFunctions02/Utility/CameraDirectionVector.uasset" 230
"../../../Engine/Content/Functions/Engine_MaterialFunctions02/Utility/DepthFromWorldPosition.uasset" 231
"../../../../../Unreal/Projects/ALMP_Template/Content/ALMP/Characters/VR/VirtualReality/Materials/MF_OccludedPixels.uasset" 232
"../../../../../Unreal/Projects/ALMP_Template/Content/ALMP/Characters/VR/VirtualReality/Materials/TeleportMCP.uasset" 233
"../../../Engine/Content/EngineMaterials/Good64x64TilingNoiseHighFreq.uasset" 234
"../../../../../Unreal/Projects/ALMP_Template/Content/ALMP/Characters/VR/VirtualReality/Materials/M_ArcEndpoint.uasset" 235
"../../../../../Unreal/Projects/ALMP_Template/Content/ALMP/Characters/VR/VirtualReality/Materials/M_SplineArcMat.uasset" 236
"../../../../../Unreal/Projects/ALMP_Template/Content/ALMP/Characters/VR/VirtualReality/Materials/M_TeleportPreviews.uasset" 237
"../../../../../Unreal/Projects/ALMP_Template/Content/ALMP/Characters/VR/VirtualReality/Materials/MI_ChaperoneOutline.uasset" 238
"../../../../../Unreal/Projects/ALMP_Template/Content/ALMP/Characters/VR/VirtualReality/Materials/MI_TeleportCylinderPreview.uasset" 239
"../../../Engine/Content/BasicShapes/Cylinder.uasset" 240
"../../../Engine/Content/BasicShapes/Sphere.uasset" 241
"../../../../../Unreal/Projects/ALMP_Template/Content/ALMP/Characters/VR/GripEnum.uasset" 242
"../../../../../Unreal/Projects/ALMP_Template/Content/ALMP/Characters/VR/VirtualReality/Mannequin/Character/Textures/UE4_Mannequin__normals.uasset" 243
"../../../../../Unreal/Projects/ALMP_Template/Content/ALMP/Characters/VR/VirtualReality/Mannequin/Character/Textures/UE4_Mannequin_MAT_MASKA.uasset" 244
"../../../../../Unreal/Projects/ALMP_Template/Content/ALMP/Characters/VR/VirtualReality/Mannequin/Character/Materials/M_HandMat.uasset" 245
"../../../../../Unreal/Projects/ALMP_Template/Content/ALMP/Characters/VR/VirtualReality/Mannequin/Character/Mesh/MannequinHand_Right_PhysicsAsset.uasset" 246
"../../../../../Unreal/Projects/ALMP_Template/Content/ALMP/Characters/VR/VirtualReality/Mannequin/Character/Mesh/MannequinHand_Right.uasset" 247
"../../../../../Unreal/Projects/ALMP_Template/Content/ALMP/Characters/VR/VirtualReality/Meshes/1x1_cube.uasset" 248
"../../../../../Unreal/Projects/ALMP_Template/Content/ALMP/Characters/VR/VirtualReality/Meshes/BeaconDirection.uasset" 249
"../../../../../Unreal/Projects/ALMP_Template/Content/ALMP/Characters/VR/VirtualReality/Meshes/BeamMesh.uasset" 250
"../../../../../Unreal/Projects/ALMP_Template/Content/ALMP/Characters/VR/VirtualReality/Meshes/SM_FatCylinder.uasset" 251
"../../../../../Unreal/Projects/ALMP_Template/Content/ALMP/Characters/VR/BP_MotionController.uasset" 252
"../../../../../Unreal/Projects/ALMP_Template/Content/ALMP/Characters/VR/VirtualReality/Materials/M_SplineArcMatOrange.uasset" 253
"../../../../../Unreal/Projects/ALMP_Template/Content/ALMP/Characters/VR/VirtualReality/Meshes/VR.uasset" 254
"../../../../../Unreal/Projects/ALMP_Template/Content/ALMP/Characters/VR/VirtualReality/Meshes/VR_simple.uasset" 255
"../../../../../Unreal/Projects/ALMP_Template/Content/ALMP/Characters/VR/MotionControllerPawn.uasset" 256
"../../../../../Unreal/Projects/ALMP_Template/Content/ALMP/Characters/ThirdPerson/Blueprints/RT_FollowCamera.uasset" 257
"../../../Engine/Content/Functions/Engine_MaterialFunctions02/Utility/BlendAngleCorrectedNormals.uasset" 258
"../../../Engine/Content/Functions/MaterialLayerFunctions/MatLayerBlend_NormalBlend.uasset" 259
"../../../Engine/Content/Functions/MaterialLayerFunctions/MatLayerBlend_Simple.uasset" 260
"../../../../../Unreal/Projects/ALMP_Template/Content/ALMP/Characters/ThirdPerson/Character/Materials/MaterialLayers/T_ML_Rubber_Blue_01_D.uasset" 261
"../../../../../Unreal/Projects/ALMP_Template/Content/ALMP/Characters/ThirdPerson/Character/Materials/MaterialLayers/T_ML_Rubber_Blue_01_N.uasset" 262
"../../../../../Unreal/Projects/ALMP_Template/Content/ALMP/Characters/ThirdPerson/Character/Materials/MaterialLayers/ML_GlossyBlack_Latex_UE4.uasset" 263
"../../../../../Unreal/Projects/ALMP_Template/Content/ALMP/Characters/ThirdPerson/Character/Materials/MaterialLayers/ML_Plastic_Shiny_Beige.uasset" 264
"../../../../../Unreal/Projects/ALMP_Template/Content/ALMP/Characters/ThirdPerson/Character/Textures/UE4_LOGO_CARD.uasset" 265
"../../../../../Unreal/Projects/ALMP_Template/Content/ALMP/Characters/ThirdPerson/Character/Materials/MaterialLayers/ML_Plastic_Shiny_Beige_LOGO.uasset" 266
"../../../../../Unreal/Projects/ALMP_Template/Content/ALMP/Characters/ThirdPerson/Character/Materials/MaterialLayers/T_ML_Aluminum01.uasset" 267
"../../../../../Unreal/Projects/ALMP_Template/Content/ALMP/Characters/ThirdPerson/Character/Materials/MaterialLayers/T_ML_Aluminum01_N.uasset" 268
"../../../../../Unreal/Projects/ALMP_Template/Content/ALMP/Characters/ThirdPerson/Character/Materials/MaterialLayers/ML_SoftMetal_UE4.uasset" 269
"../../../../../Unreal/Projects/ALMP_Template/Content/ALMP/Characters/ThirdPerson/Character/Textures/UE4_Mannequin__normals.uasset" 270
"../../../../../Unreal/Projects/ALMP_Template/Content/ALMP/Characters/ThirdPerson/Character/Textures/UE4_Mannequin_MAT_MASKA.uasset" 271
"../../../../../Unreal/Projects/ALMP_Template/Content/ALMP/Characters/ThirdPerson/Character/Materials/M_UE4Man_Body.uasset" 272
"../../../../../Unreal/Projects/ALMP_Template/Content/ALMP/Characters/ThirdPerson/Character/Textures/UE4Man_Logo_N.uasset" 273
"../../../../../Unreal/Projects/ALMP_Template/Content/ALMP/Characters/ThirdPerson/Character/Materials/M_UE4Man_ChestLogo.uasset" 274
"../../../../../Unreal/Projects/ALMP_Template/Content/ALMP/Characters/ThirdPerson/Character/Mesh/SK_Mannequin_PhysicsAsset.uasset" 275
"../../../../../Unreal/Projects/ALMP_Template/Content/ALMP/Characters/ThirdPerson/Character/Mesh/SK_Mannequin.uasset" 276
"../../../../../Unreal/Projects/ALMP_Template/Content/ALMP/Characters/ThirdPerson/Blueprints/ThirdPersonCharacter.uasset" 277
"../../../../../Unreal/Projects/ALMP_Template/Content/ALMP/Core/BP_ALMPGameMode.uasset" 278
"../../../../../Unreal/Projects/ALMP_Template/Content/Map/Materials/M_BaseMaterial.uasset" 279
"../../../../../Unreal/Projects/ALMP_Template/Content/Map/Materials/MI_SmallCubes.uasset" 280
"../../../../../Unreal/Projects/ALMP_Template/Content/Map/Geometry/Meshes/PickUp_Cube.uasset" 281
"../../../../../Unreal/Projects/ALMP_Template/Content/ALMP/Core/BP_PickupCube.uasset" 282
"../../../../../Unreal/Projects/ALMP_Template/Content/Map/ThirdPersonExampleMap_BuiltData.uasset" 283
"../../../../../Unreal/Projects/ALMP_Template/Content/Map/Geometry/Meshes/1M_Cube_Chamfer.uasset" 284
"../../../../../Unreal/Projects/ALMP_Template/Content/Map/Geometry/Meshes/RampMaterial.uasset" 285
"../../../../../Unreal/Projects/ALMP_Template/Content/Map/Geometry/Meshes/Bump_StaticMesh.uasset" 286
"../../../../../Unreal/Projects/ALMP_Template/Content/Map/Geometry/Meshes/LeftArm_StaticMesh.uasset" 287
"../../../../../Unreal/Projects/ALMP_Template/Content/Map/Geometry/Meshes/Linear_Stair_StaticMesh.uasset" 288
"../../../../../Unreal/Projects/ALMP_Template/Content/Map/Geometry/Meshes/Ramp_StaticMesh.uasset" 289
"../../../../../Unreal/Projects/ALMP_Template/Content/Map/Geometry/Meshes/RightArm_StaticMesh.uasset" 290
"../../../../../Unreal/Projects/ALMP_Template/Content/Map/Geometry/Meshes/TemplateFloor.uasset" 291
"../../../../../Unreal/Projects/ALMP_Template/Content/Map/ThirdPersonExampleMap.umap" 292
"../../../Engine/Content/Maps/Entry_BuiltData.uasset" 293
"../../../Engine/Content/Maps/Entry.umap" 294
